# JRE version: Java(TM) SE Runtime Environment (21.0.1+12) (build 21.0.1+12-LTS-29)
# Java VM: Java HotSpot(TM) 64-Bit Server VM (21.0.1+12-LTS-29, mixed mode, sharing, tiered, compressed oops, compressed class ptrs, g1 gc, windows-amd64)
GC Precious Log:
 CardTable entry size: 512
 Card Set container configuration: InlinePtr #cards 5 size 8 Array Of Cards #cards 12 size 40 Howl #buckets 4 coarsen threshold 1843 Howl Bitmap #cards 512 size 80 coarsen threshold 460 Card regions per heap region 1 cards per card region 2048
 CPUs: 2 total, 2 available
 Memory: 4095M
 Large Page Support: Disabled
 NUMA Support: Disabled
 Compressed Oops: Enabled (32-bit)
 Heap Region Size: 1M
 Heap Min Capacity: 8M
 Heap Initial Capacity: 64M
 Heap Max Capacity: 1G
 Pre-touch: Disabled
 Parallel Workers: 2
 Concurrent Workers: 1
 Concurrent Refinement Workers: 2
 Periodic GC: Disabled
 String Deduplication is enabled
Heap:
 garbage-first heap   total 245760K, used 216620K [0x00000000c0000000, 0x0000000100000000)
  region size 1024K, 117 young (119808K), 7 survivors (7168K)
 Metaspace       used 105108K, committed 108160K, reserved 1179648K
  class space    used 12420K, committed 13696K, reserved 1048576K
GC Heap History (20 events):
Event: 30.004 GC heap before
{Heap before GC invocations=27 (full 0):
 garbage-first heap   total 119808K, used 94154K [0x00000000c0000000, 0x0000000100000000)
  region size 1024K, 29 young (29696K), 5 survivors (5120K)
 Metaspace       used 85759K, committed 88256K, reserved 1179648K
  class space    used 9978K, committed 10944K, reserved 1048576K
}
Event: 30.019 GC heap after
{Heap after GC invocations=28 (full 0):
 garbage-first heap   total 119808K, used 71820K [0x00000000c0000000, 0x0000000100000000)
  region size 1024K, 2 young (2048K), 2 survivors (2048K)
 Metaspace       used 85759K, committed 88256K, reserved 1179648K
  class space    used 9978K, committed 10944K, reserved 1048576K
}
Event: 31.697 GC heap before
{Heap before GC invocations=28 (full 0):
 garbage-first heap   total 119808K, used 106636K [0x00000000c0000000, 0x0000000100000000)
  region size 1024K, 37 young (37888K), 2 survivors (2048K)
 Metaspace       used 92124K, committed 94592K, reserved 1179648K
  class space    used 10785K, committed 11776K, reserved 1048576K
}
Event: 31.718 GC heap after
{Heap after GC invocations=29 (full 0):
 garbage-first heap   total 119808K, used 70656K [0x00000000c0000000, 0x0000000100000000)
  region size 1024K, 5 young (5120K), 5 survivors (5120K)
 Metaspace       used 92124K, committed 94592K, reserved 1179648K
  class space    used 10785K, committed 11776K, reserved 1048576K
}
Event: 32.816 GC heap before
{Heap before GC invocations=29 (full 0):
 garbage-first heap   total 119808K, used 106496K [0x00000000c0000000, 0x0000000100000000)
  region size 1024K, 41 young (41984K), 5 survivors (5120K)
 Metaspace       used 94567K, committed 97216K, reserved 1179648K
  class space    used 11086K, committed 12096K, reserved 1048576K
}
Event: 32.848 GC heap after
{Heap after GC invocations=30 (full 0):
 garbage-first heap   total 119808K, used 74752K [0x00000000c0000000, 0x0000000100000000)
  region size 1024K, 4 young (4096K), 4 survivors (4096K)
 Metaspace       used 94567K, committed 97216K, reserved 1179648K
  class space    used 11086K, committed 12096K, reserved 1048576K
}
Event: 35.200 GC heap before
{Heap before GC invocations=31 (full 0):
 garbage-first heap   total 126976K, used 116736K [0x00000000c0000000, 0x0000000100000000)
  region size 1024K, 37 young (37888K), 4 survivors (4096K)
 Metaspace       used 101137K, committed 103872K, reserved 1179648K
  class space    used 11906K, committed 12992K, reserved 1048576K
}
Event: 35.225 GC heap after
{Heap after GC invocations=32 (full 0):
 garbage-first heap   total 126976K, used 82944K [0x00000000c0000000, 0x0000000100000000)
  region size 1024K, 5 young (5120K), 5 survivors (5120K)
 Metaspace       used 101137K, committed 103872K, reserved 1179648K
  class space    used 11906K, committed 12992K, reserved 1048576K
}
Event: 35.417 GC heap before
{Heap before GC invocations=32 (full 0):
 garbage-first heap   total 126976K, used 125952K [0x00000000c0000000, 0x0000000100000000)
  region size 1024K, 32 young (32768K), 5 survivors (5120K)
 Metaspace       used 101452K, committed 104192K, reserved 1179648K
  class space    used 11955K, committed 13056K, reserved 1048576K
}
Event: 35.457 GC heap after
{Heap after GC invocations=33 (full 0):
 garbage-first heap   total 135168K, used 84409K [0x00000000c0000000, 0x0000000100000000)
  region size 1024K, 1 young (1024K), 1 survivors (1024K)
 Metaspace       used 101452K, committed 104192K, reserved 1179648K
  class space    used 11955K, committed 13056K, reserved 1048576K
}
Event: 35.499 GC heap before
{Heap before GC invocations=33 (full 0):
 garbage-first heap   total 135168K, used 99769K [0x00000000c0000000, 0x0000000100000000)
  region size 1024K, 18 young (18432K), 1 survivors (1024K)
 Metaspace       used 101452K, committed 104192K, reserved 1179648K
  class space    used 11955K, committed 13056K, reserved 1048576K
}
Event: 35.504 GC heap after
{Heap after GC invocations=34 (full 0):
 garbage-first heap   total 135168K, used 84864K [0x00000000c0000000, 0x0000000100000000)
  region size 1024K, 1 young (1024K), 1 survivors (1024K)
 Metaspace       used 101452K, committed 104192K, reserved 1179648K
  class space    used 11955K, committed 13056K, reserved 1048576K
}
Event: 36.033 GC heap before
{Heap before GC invocations=35 (full 0):
 garbage-first heap   total 145408K, used 144256K [0x00000000c0000000, 0x0000000100000000)
  region size 1024K, 28 young (28672K), 1 survivors (1024K)
 Metaspace       used 101892K, committed 104640K, reserved 1179648K
  class space    used 12030K, committed 13120K, reserved 1048576K
}
Event: 36.044 GC heap after
{Heap after GC invocations=36 (full 0):
 garbage-first heap   total 147456K, used 85605K [0x00000000c0000000, 0x0000000100000000)
  region size 1024K, 2 young (2048K), 2 survivors (2048K)
 Metaspace       used 101892K, committed 104640K, reserved 1179648K
  class space    used 12030K, committed 13120K, reserved 1048576K
}
Event: 36.674 GC heap before
{Heap before GC invocations=36 (full 0):
 garbage-first heap   total 147456K, used 146021K [0x00000000c0000000, 0x0000000100000000)
  region size 1024K, 46 young (47104K), 2 survivors (2048K)
 Metaspace       used 102513K, committed 105280K, reserved 1179648K
  class space    used 12101K, committed 13184K, reserved 1048576K
}
Event: 36.693 GC heap after
{Heap after GC invocations=37 (full 0):
 garbage-first heap   total 154624K, used 86156K [0x00000000c0000000, 0x0000000100000000)
  region size 1024K, 4 young (4096K), 4 survivors (4096K)
 Metaspace       used 102513K, committed 105280K, reserved 1179648K
  class space    used 12101K, committed 13184K, reserved 1048576K
}
Event: 36.731 GC heap before
{Heap before GC invocations=37 (full 0):
 garbage-first heap   total 154624K, used 121996K [0x00000000c0000000, 0x0000000100000000)
  region size 1024K, 41 young (41984K), 4 survivors (4096K)
 Metaspace       used 102519K, committed 105280K, reserved 1179648K
  class space    used 12101K, committed 13184K, reserved 1048576K
}
Event: 36.739 GC heap after
{Heap after GC invocations=38 (full 0):
 garbage-first heap   total 154624K, used 86831K [0x00000000c0000000, 0x0000000100000000)
  region size 1024K, 5 young (5120K), 5 survivors (5120K)
 Metaspace       used 102519K, committed 105280K, reserved 1179648K
  class space    used 12101K, committed 13184K, reserved 1048576K
}
Event: 37.574 GC heap before
{Heap before GC invocations=39 (full 0):
 garbage-first heap   total 245760K, used 184111K [0x00000000c0000000, 0x0000000100000000)
  region size 1024K, 53 young (54272K), 5 survivors (5120K)
 Metaspace       used 102781K, committed 105600K, reserved 1179648K
  class space    used 12115K, committed 13248K, reserved 1048576K
}
Event: 37.591 GC heap after
{Heap after GC invocations=40 (full 0):
 garbage-first heap   total 245760K, used 89644K [0x00000000c0000000, 0x0000000100000000)
  region size 1024K, 7 young (7168K), 7 survivors (7168K)
 Metaspace       used 102781K, committed 105600K, reserved 1179648K
  class space    used 12115K, committed 13248K, reserved 1048576K
}

